<?xml version="1.0" encoding="UTF-8"?>
<!-- Generated by org.testng.reporters.JUnitReportReporter -->
<testsuite hostname="dog" name="com.testcase.logintestcase" tests="1" failures="0" timestamp="5 Mar 2019 07:53:40 GMT" time="14.922" errors="0">
  <testcase name="login" time="14.922" classname="com.testcase.logintestcase"/>
</testsuite> <!-- com.testcase.logintestcase -->
