<?xml version="1.0" encoding="UTF-8"?>
<!-- Generated by org.testng.reporters.JUnitReportReporter -->
<testsuite hostname="dog" name="com.testcase.addtestcase" tests="1" failures="0" timestamp="5 Mar 2019 07:53:40 GMT" time="12.703" errors="0">
  <testcase name="login" time="12.703" classname="com.testcase.addtestcase"/>
</testsuite> <!-- com.testcase.addtestcase -->
